<?xml version="1.0" encoding="UTF-8"?>
<!-- Generated by org.testng.reporters.JUnitReportReporter -->
<testsuite hostname="DESKTOP-561OEJ7" failures="0" tests="1" name="sampleTcRepo.Tc_01" time="9.024" errors="0" timestamp="2023-11-13T13:19:21 IST" skipped="0">
  <testcase classname="sampleTcRepo.Tc_01" name="checklogin" time="9.024"/>
  <system-out/>
</testsuite> <!-- sampleTcRepo.Tc_01 -->
