<?xml version="1.0" encoding="UTF-8"?>
<!-- Generated by org.testng.reporters.JUnitReportReporter -->
<testsuite hostname="DESKTOP-561OEJ7" failures="0" tests="1" name="sampleTc_01.Tc_01" time="91.431" errors="0" timestamp="2023-11-09T12:15:16 IST" skipped="0">
  <testcase classname="sampleTc_01.Tc_01" name="checklogin" time="91.431"/>
  <system-out/>
</testsuite> <!-- sampleTc_01.Tc_01 -->
